[dotenv@17.2.4] injecting env (13) from .env -- tip: 🔐 prevent committing .env to code: https://dotenvx.com/precommit
[dotenv@17.2.4] injecting env (0) from .env -- tip: 🗂️ backup and recover secrets: https://dotenvx.com/ops
### LOADED DATABASE JS ###
Env Check - PGHOST: PRESENT | VERCEL: FALSE
Configuring Helper: Host=database-1.cj0yesowewgt.eu-north-1.rds.amazonaws.com, User=postgres, Region=eu-north-1, Role=SET
Attached Vercel Database Pool Manager
Connected to Postgres database at database-1.cj0yesowewgt.eu-north-1.rds.amazonaws.com
[DEBUG-INIT] Starting server on port: 8083
### SERVER HEARTBEAT: 2026-02-27-00-17 ###
Initializing Database Schema...
[DB] Executing: 
                CREATE TABLE IF NOT EXISTS users (
                    userId SERIAL PRIMARY KEY,
 ...
[DEBUG-INIT] Checking if main module to start server... true
[DEBUG-INIT] Calling app.listen...
[DEBUG-INIT] app.listen called.
Server running on http://localhost:8083
Database initialized
Postgres Query Error: getaddrinfo EAI_AGAIN database-1.cj0yesowewgt.eu-north-1.rds.amazonaws.com. Query: 
                CREATE TABLE IF NOT EXISTS users (
                    userId SERIAL PRIMARY KEY,
                    username TEXT UNIQUE NOT NULL,
                    password TEXT NOT NULL,
                    email TEXT UNIQUE,
                    role TEXT NOT NULL CHECK(role IN ('ADMIN', 'BUYER', 'SUPPLIER')),
                    subRole TEXT,
                    buyerId INTEGER,
                    supplierId INTEGER,
                    circleId INTEGER,
                    createdAt TIMESTAMP DEFAULT CURRENT_TIMESTAMP,
                    mustChangePassword BOOLEAN DEFAULT FALSE
                );

                CREATE TABLE IF NOT EXISTS suppliers (
                    supplierId SERIAL PRIMARY KEY,
                    legalName TEXT NOT NULL,
                    businessType TEXT,
                    country TEXT,
                    taxId TEXT,
                    website TEXT,
                    description TEXT,
                    bankName TEXT,
                    accountNumber TEXT,
                    routingNumber TEXT,
                    isActive BOOLEAN DEFAULT TRUE,
                    approvalStatus TEXT DEFAULT 'DRAFT',
                    profileStatus TEXT DEFAULT 'PENDING',
                    documentStatus TEXT DEFAULT 'PENDING',
                    financeStatus TEXT DEFAULT 'PENDING',
                    gstin TEXT,
                    isGstRegistered BOOLEAN DEFAULT FALSE,
                    submittedAt TIMESTAMP,
                    reviewedAt TIMESTAMP,
                    approvalNotes TEXT,
                    createdByUserId INTEGER,
                    createdByUsername TEXT,
                    buyerId INTEGER,
                    assignedWorkflowId INTEGER
                );

                CREATE TABLE IF NOT EXISTS buyers (
                    buyerId SERIAL PRIMARY KEY,
                    buyerName TEXT NOT NULL,
                    buyerCode TEXT UNIQUE,
                    email TEXT,
                    phone TEXT,
                    country TEXT,
                    isActive BOOLEAN DEFAULT TRUE,
                    createdAt TIMESTAMP DEFAULT CURRENT_TIMESTAMP,
                    updatedAt TIMESTAMP,
                    isSandboxActive BOOLEAN DEFAULT FALSE
                );

                CREATE TABLE IF NOT EXISTS reviews (
                    reviewId SERIAL PRIMARY KEY,
                    supplierId INTEGER NOT NULL,
                    reviewCycle INTEGER DEFAULT 1,
                    reviewType TEXT,
                    previousStatus TEXT,
                    newStatus TEXT,
                    reviewedByUserId INTEGER,
                    reviewedByUsername TEXT,
                    reviewerRole TEXT,
                    buyerId INTEGER,
                    reviewDecision TEXT,
                    reviewComments TEXT,
                    reworkFields TEXT,
                    reviewedAt TIMESTAMP DEFAULT CURRENT_TIMESTAMP,
                    supplierResponse TEXT,
                    respondedByUserId INTEGER,
                    respondedAt TIMESTAMP,
                    section TEXT
                );

                CREATE TABLE IF NOT EXISTS documents (
                    documentId SERIAL PRIMARY KEY,
                    supplierId INTEGER NOT NULL,
                    documentType TEXT NOT NULL,
                    documentName TEXT NOT NULL,
                    filePath TEXT,
                    fileSize INTEGER,
                    fileType TEXT,
                    verificationStatus TEXT DEFAULT 'PENDING',
                    expiryDate DATE,
                    notes TEXT,
                    isActive BOOLEAN DEFAULT TRUE,
                    uploadedByUserId INTEGER,
                    uploadedByUsername TEXT,
                    verifiedByUserId INTEGER,
                    verifiedAt TIMESTAMP
                );

                CREATE TABLE IF NOT EXISTS invitations (
                    invitationId SERIAL PRIMARY KEY,
                    buyerId INTEGER,
                    buyerName TEXT,
                    supplierId INTEGER,
                    supplierName TEXT, -- Keep for backward compatibility or display
                    invitedByUsername TEXT,
                    email TEXT NOT NULL,
                    invitationToken TEXT UNIQUE NOT NULL,
                    status TEXT DEFAULT 'PENDING',
                    expiresAt TIMESTAMP,
                    acceptedAt TIMESTAMP,
                    createdAt TIMESTAMP DEFAULT CURRENT_TIMESTAMP,
                    role TEXT DEFAULT 'SUPPLIER',
                    -- Enhanced Invite Fields
                    legalName TEXT,
                    supplierType TEXT,
                    country TEXT,
                    categories TEXT, -- JSON
                    riskLevel TEXT,
                    paymentMethods TEXT, -- JSON
                    currency TEXT,
                    workflowId INTEGER,
                    isPreApproved BOOLEAN DEFAULT FALSE,
                    internalCode TEXT,
                    buyerComments TEXT
                );

                CREATE TABLE IF NOT EXISTS contacts (
                    contactId SERIAL PRIMARY KEY,
                    supplierId INTEGER NOT NULL,
                    contactType TEXT,
                    firstName TEXT,
                    lastName TEXT,
                    email TEXT,
                    phone TEXT,
                    mobile TEXT,
                    designation TEXT,
                    department TEXT,
                    isPrimary BOOLEAN DEFAULT FALSE,
                    isActive BOOLEAN DEFAULT TRUE
                );

                CREATE TABLE IF NOT EXISTS addresses (
                    addressId SERIAL PRIMARY KEY,
                    supplierId INTEGER NOT NULL,
                    addressType TEXT,
                    addressLine1 TEXT,
                    addressLine2 TEXT,
                    city TEXT,
                    stateProvince TEXT,
                    postalCode TEXT,
                    country TEXT,
                    isPrimary BOOLEAN DEFAULT FALSE,
                    isActive BOOLEAN DEFAULT TRUE
                );

                CREATE TABLE IF NOT EXISTS messages (
                    messageId SERIAL PRIMARY KEY,
                    supplierId INTEGER,
                    buyerId INTEGER,
                    subject TEXT,
                    content TEXT,
                    isRead BOOLEAN DEFAULT FALSE,
                    sentAt TIMESTAMP DEFAULT CURRENT_TIMESTAMP,
                    senderName TEXT,
                    recipientRole TEXT DEFAULT 'SUPPLIER',
                    priority TEXT DEFAULT 'NORMAL',
                    type TEXT DEFAULT 'MESSAGE'
                );

                CREATE TABLE IF NOT EXISTS circles (
                    circleId SERIAL PRIMARY KEY,
                    buyerId INTEGER NOT NULL,
                    circleName TEXT NOT NULL,
                    description TEXT,
                    createdAt TIMESTAMP DEFAULT CURRENT_TIMESTAMP,
                    UNIQUE(buyerId, circleName)
                );
                CREATE TABLE IF NOT EXISTS circle_members (
                    circleId INTEGER NOT NULL,
                    supplierId INTEGER NOT NULL,
                    joinedAt TIMESTAMP DEFAULT CURRENT_TIMESTAMP,
                    PRIMARY KEY(circleId, supplierId)
                );
                CREATE TABLE IF NOT EXISTS circle_workflows (
                    circleId INTEGER NOT NULL,
                    workflowId INTEGER NOT NULL,
                    assignedAt TIMESTAMP DEFAULT CURRENT_TIMESTAMP,
                    PRIMARY KEY(circleId, workflowId)
                );
                CREATE TABLE IF NOT EXISTS buyer_roles (
                    roleId SERIAL PRIMARY KEY,
                    buyerId INTEGER NOT NULL,
                    roleName TEXT NOT NULL,
                    description TEXT,
                    permissions TEXT, -- JSON
                    createdAt TIMESTAMP DEFAULT CURRENT_TIMESTAMP
                );

                CREATE TABLE IF NOT EXISTS workflows (
                    workflowId SERIAL PRIMARY KEY,
                    buyerId INTEGER NOT NULL,
                    name TEXT NOT NULL,
                    description TEXT,
                    isActive BOOLEAN DEFAULT TRUE,
                    isDefault BOOLEAN DEFAULT FALSE,
                    isSystemEnforced BOOLEAN DEFAULT FALSE,
                    criteria TEXT, -- JSON
                    createdAt TIMESTAMP DEFAULT CURRENT_TIMESTAMP
                );

                CREATE TABLE IF NOT EXISTS workflow_steps (
                    stepId SERIAL PRIMARY KEY,
                    workflowId INTEGER NOT NULL,
                    stepOrder INTEGER NOT NULL,
                    stepName TEXT NOT NULL,
                    assignedRoleId INTEGER,
                    assignedUserId INTEGER,
                    requiredActions TEXT, -- JSON Array
                    isOptional BOOLEAN DEFAULT FALSE,
                    createdAt TIMESTAMP DEFAULT CURRENT_TIMESTAMP
                );

                CREATE TABLE IF NOT EXISTS workflow_instances (
                    instanceId SERIAL PRIMARY KEY,
                    supplierId INTEGER NOT NULL,
                    workflowTemplateId INTEGER NOT NULL,
                    currentStepOrder INTEGER DEFAULT 1,
                    status TEXT DEFAULT 'PENDING', -- PENDING, APPROVED, REJECTED
                    submissionType TEXT DEFAULT 'INITIAL', -- INITIAL, RESUBMISSION, UPDATE
                    startedAt TIMESTAMP DEFAULT CURRENT_TIMESTAMP,
                    completedAt TIMESTAMP
                );

                CREATE TABLE IF NOT EXISTS step_instances (
                    stepInstanceId SERIAL PRIMARY KEY,
                    instanceId INTEGER NOT NULL,
                    stepOrder INTEGER NOT NULL,
                    stepName TEXT NOT NULL,
                    assignedRoleId INTEGER,
                    assignedUserId INTEGER,
                    status TEXT DEFAULT 'WAITING', -- WAITING, PENDING, APPROVED, REJECTED, REWORK_REQUIRED
                    isOptional BOOLEAN DEFAULT FALSE,
                    actionByUserId INTEGER,
                    actionAt TIMESTAMP,
                    comments TEXT
                );

                CREATE TABLE IF NOT EXISTS country_risk_rules (
                    ruleId SERIAL PRIMARY KEY,
                    buyerId INTEGER NOT NULL,
                    country TEXT NOT NULL,
                    riskLevel TEXT NOT NULL DEFAULT 'Low',
                    workflowId INTEGER NOT NULL,
                    createdAt TIMESTAMP DEFAULT CURRENT_TIMESTAMP,
                    UNIQUE(buyerId, country)
                );

                CREATE TABLE IF NOT EXISTS orders (
                    orderId SERIAL PRIMARY KEY,
                    supplierId INTEGER NOT NULL,
                    buyerId INTEGER NOT NULL,
                    orderNumber TEXT UNIQUE NOT NULL,
                    orderDate TIMESTAMP DEFAULT CURRENT_TIMESTAMP,
                    totalAmount DECIMAL(15, 2),
                    currency TEXT DEFAULT 'USD',
                    status TEXT DEFAULT 'OPEN', -- OPEN, COMPLETED, CANCELLED
                    expectedDeliveryDate TIMESTAMP
                );

                CREATE TABLE IF NOT EXISTS invoices (
                    invoiceId SERIAL PRIMARY KEY,
                    supplierId INTEGER NOT NULL,
                    buyerId INTEGER NOT NULL,
                    orderId INTEGER,
                    invoiceNumber TEXT UNIQUE NOT NULL,
                    invoiceDate TIMESTAMP DEFAULT CURRENT_TIMESTAMP,
                    amount DECIMAL(15, 2),
                    status TEXT DEFAULT 'PENDING', -- PENDING, PAID, OVERDUE, REJECTED
                    dueDate TIMESTAMP
                );

                CREATE TABLE IF NOT EXISTS notifications (
                    notificationId SERIAL PRIMARY KEY,
                    type TEXT NOT NULL,
                    message TEXT NOT NULL,
                    entityId TEXT,
                    recipientRole TEXT,
                    supplierId INTEGER,
                    buyerId INTEGER,
                    isRead BOOLEAN DEFAULT FALSE,
                    createdAt TIMESTAMP DEFAULT CURRENT_TIMESTAMP
                );

                CREATE TABLE IF NOT EXISTS password_resets (
                    email TEXT PRIMARY KEY,
                    token TEXT NOT NULL,
                    expiresat TIMESTAMP NOT NULL
                );

                CREATE INDEX IF NOT EXISTS idx_documents_supplier ON documents(supplierId);
                CREATE INDEX IF NOT EXISTS idx_addresses_supplier ON addresses(supplierId);
                CREATE INDEX IF NOT EXISTS idx_contacts_supplier ON contacts(supplierId);
                CREATE INDEX IF NOT EXISTS idx_workflow_instances_supplier ON workflow_instances(supplierId);
                CREATE INDEX IF NOT EXISTS idx_step_instances_instance ON step_instances(instanceId);
                CREATE INDEX IF NOT EXISTS idx_scr_supplier ON supplier_change_requests(supplierId);
                CREATE INDEX IF NOT EXISTS idx_sci_request ON supplier_change_items(requestId);
            
Error initializing schema: getaddrinfo EAI_AGAIN database-1.cj0yesowewgt.eu-north-1.rds.amazonaws.com
[DB] Executing: 
                    DO $$ 
                    BEGIN 
                        IF EXISTS (SELECT 1 F...
Postgres Query Error: getaddrinfo EAI_AGAIN database-1.cj0yesowewgt.eu-north-1.rds.amazonaws.com. Query: 
                    DO $$ 
                    BEGIN 
                        IF EXISTS (SELECT 1 FROM information_schema.columns WHERE table_name='password_resets' AND column_name='expires_at') THEN
                            ALTER TABLE password_resets RENAME COLUMN expires_at TO expiresat;
                        END IF;
                    END $$;
                
Migration (expires_at) Warning: getaddrinfo EAI_AGAIN database-1.cj0yesowewgt.eu-north-1.rds.amazonaws.com
[DB] Executing: 
                        INSERT INTO users (username, password, email, role, subrole) 
             ...
[DB] Executing: SELECT supplierId, buyerId FROM suppliers LIMIT 1
[DB] Executing: 
                ALTER TABLE suppliers ADD COLUMN IF NOT EXISTS gstin TEXT;
                ALTER TA...
Postgres Query Error: getaddrinfo EAI_AGAIN database-1.cj0yesowewgt.eu-north-1.rds.amazonaws.com. Query: 
                        INSERT INTO users (username, password, email, role, subrole) 
                        VALUES ($1, $2, $3, $4, $5)
                        ON CONFLICT (username) DO UPDATE SET password = EXCLUDED.password, role = EXCLUDED.role, email = EXCLUDED.email
                     RETURNING *
Error seeding admin Error: getaddrinfo EAI_AGAIN database-1.cj0yesowewgt.eu-north-1.rds.amazonaws.com
    at /sessions/relaxed-clever-goodall/mnt/sdn-backend/node_modules/pg-pool/index.js:45:11
    at process.processTicksAndRejections (node:internal/process/task_queues:105:5)
    at async PostgresWrapper._executeQuery (/sessions/relaxed-clever-goodall/mnt/sdn-backend/config/database.js:192:25) {
  errno: -3001,
  code: 'EAI_AGAIN',
  syscall: 'getaddrinfo',
  hostname: 'database-1.cj0yesowewgt.eu-north-1.rds.amazonaws.com'
}
Postgres Query Error: getaddrinfo EAI_AGAIN database-1.cj0yesowewgt.eu-north-1.rds.amazonaws.com. Query: SELECT supplierId, buyerId FROM suppliers LIMIT 1
Postgres Query Error: getaddrinfo EAI_AGAIN database-1.cj0yesowewgt.eu-north-1.rds.amazonaws.com. Query: 
                ALTER TABLE suppliers ADD COLUMN IF NOT EXISTS gstin TEXT;
                ALTER TABLE suppliers ADD COLUMN IF NOT EXISTS isGstRegistered BOOLEAN DEFAULT FALSE;
                ALTER TABLE suppliers ADD COLUMN IF NOT EXISTS profilestatus TEXT DEFAULT 'PENDING';
                ALTER TABLE suppliers ADD COLUMN IF NOT EXISTS documentstatus TEXT DEFAULT 'PENDING';
                ALTER TABLE suppliers ADD COLUMN IF NOT EXISTS financestatus TEXT DEFAULT 'PENDING';
                ALTER TABLE workflows ADD COLUMN IF NOT EXISTS isSystemEnforced BOOLEAN DEFAULT FALSE;
                ALTER TABLE workflows ADD COLUMN IF NOT EXISTS clonedFromId INTEGER;
                ALTER TABLE workflow_steps ADD COLUMN IF NOT EXISTS stepDescription TEXT;
                ALTER TABLE workflow_steps ADD COLUMN IF NOT EXISTS requiredActions TEXT;
                ALTER TABLE users ADD COLUMN IF NOT EXISTS mustChangePassword BOOLEAN DEFAULT FALSE;
                ALTER TABLE users ADD COLUMN IF NOT EXISTS isActive BOOLEAN DEFAULT TRUE;
                ALTER TABLE users ADD COLUMN IF NOT EXISTS phone TEXT;
                ALTER TABLE users ADD COLUMN IF NOT EXISTS "firstName" TEXT;
                ALTER TABLE users ADD COLUMN IF NOT EXISTS "lastName" TEXT;
                ALTER TABLE workflow_instances ADD COLUMN IF NOT EXISTS submissionType TEXT DEFAULT 'INITIAL';
                ALTER TABLE suppliers ADD COLUMN IF NOT EXISTS score INTEGER DEFAULT 0;
                ALTER TABLE suppliers ADD COLUMN IF NOT EXISTS riskLevel TEXT DEFAULT 'Low';
            
Migration Warning (Safe to ignore if columns exist): getaddrinfo EAI_AGAIN database-1.cj0yesowewgt.eu-north-1.rds.amazonaws.com
[DB] Executing: 
                CREATE TABLE IF NOT EXISTS supplier_change_requests (
                    requestId...
Postgres Query Error: getaddrinfo EAI_AGAIN database-1.cj0yesowewgt.eu-north-1.rds.amazonaws.com. Query: 
                CREATE TABLE IF NOT EXISTS supplier_change_requests (
                    requestId SERIAL PRIMARY KEY,
                    supplierId INTEGER NOT NULL,
                    requestType TEXT NOT NULL, 
                    status TEXT DEFAULT 'PENDING',
                    requestedByUserId INTEGER,
                    requestedAt TIMESTAMP DEFAULT CURRENT_TIMESTAMP,
                    reviewedByUserId INTEGER,
                    reviewedAt TIMESTAMP,
                    rejectionReason TEXT,
                    buyerId INTEGER -- Scoped to buyer if needed
                );

                CREATE TABLE IF NOT EXISTS supplier_change_items (
                    itemId SERIAL PRIMARY KEY,
                    requestId INTEGER NOT NULL,
                    fieldName TEXT NOT NULL,
                    oldValue TEXT,
                    newValue TEXT,
                    changeCategory TEXT DEFAULT 'MINOR',
                    status TEXT DEFAULT 'PENDING',
                    rejectionReason TEXT,
                    reviewedByUserId INTEGER,
                    reviewedAt TIMESTAMP
                );

                CREATE TABLE IF NOT EXISTS supplier_audit_logs (
                    auditId SERIAL PRIMARY KEY,
                    supplierId INTEGER NOT NULL,
                    action TEXT NOT NULL,
                    entityId INTEGER,
                    entityType TEXT,
                    changes TEXT, -- JSON stored as TEXT for compatibility
                    performedByUserId INTEGER,
                    performedAt TIMESTAMP DEFAULT CURRENT_TIMESTAMP,
                    userRole TEXT
                );

                CREATE TABLE IF NOT EXISTS field_change_classification (
                    classificationId SERIAL PRIMARY KEY,
                    fieldName TEXT UNIQUE NOT NULL,
                    category TEXT DEFAULT 'MINOR'
                );

                INSERT INTO field_change_classification (fieldName, category) VALUES 
                ('legalName', 'MAJOR'),
                ('taxId', 'MAJOR'),
                ('bankName', 'MAJOR'),
                ('accountNumber', 'MAJOR'),
                ('routingNumber', 'MAJOR'),
                ('description', 'MAJOR'),
                ('website', 'MAJOR'),
                ('address', 'MAJOR'),
                ('bank_account', 'MAJOR'),
                ('contact', 'MAJOR'),
                ('email', 'MINOR'),
                ('phone', 'MINOR')
                ON CONFLICT (fieldName) DO UPDATE SET category = EXCLUDED.category;

                CREATE TABLE IF NOT EXISTS bank_accounts (
                    bankid SERIAL PRIMARY KEY,
                    supplierid INTEGER NOT NULL,
                    bankname TEXT NOT NULL,
                    accountnumber TEXT NOT NULL,
                    routingnumber TEXT,
                    swiftcode TEXT,
                    currency TEXT DEFAULT 'USD',
                    isprimary BOOLEAN DEFAULT FALSE,
                    status TEXT DEFAULT 'ACTIVE',
                    createdat TIMESTAMP DEFAULT CURRENT_TIMESTAMP,
                    updatedat TIMESTAMP DEFAULT CURRENT_TIMESTAMP,
                    FOREIGN KEY (supplierid) REFERENCES suppliers(supplierid) ON DELETE CASCADE
                );
            
Milestone 2 Migration Warning: getaddrinfo EAI_AGAIN database-1.cj0yesowewgt.eu-north-1.rds.amazonaws.com
[DB] Executing: 
                ALTER TABLE suppliers ADD COLUMN IF NOT EXISTS supplierCode TEXT UNIQUE;
          ...
Postgres Query Error: getaddrinfo EAI_AGAIN database-1.cj0yesowewgt.eu-north-1.rds.amazonaws.com. Query: 
                ALTER TABLE suppliers ADD COLUMN IF NOT EXISTS supplierCode TEXT UNIQUE;
            
Supplier Code Migration Warning: getaddrinfo EAI_AGAIN database-1.cj0yesowewgt.eu-north-1.rds.amazonaws.com
[DB] Executing: 
                ALTER TABLE invitations ADD COLUMN IF NOT EXISTS role TEXT DEFAULT 'SUPPLIER';
    ...
Postgres Query Error: getaddrinfo EAI_AGAIN database-1.cj0yesowewgt.eu-north-1.rds.amazonaws.com. Query: 
                ALTER TABLE invitations ADD COLUMN IF NOT EXISTS role TEXT DEFAULT 'SUPPLIER';
            
Invitation Role Migration Warning: getaddrinfo EAI_AGAIN database-1.cj0yesowewgt.eu-north-1.rds.amazonaws.com
[DB] Executing: 
                ALTER TABLE messages ADD COLUMN IF NOT EXISTS recipientRole TEXT DEFAULT 'SUPPLIER'...
Postgres Query Error: getaddrinfo EAI_AGAIN database-1.cj0yesowewgt.eu-north-1.rds.amazonaws.com. Query: 
                ALTER TABLE messages ADD COLUMN IF NOT EXISTS recipientRole TEXT DEFAULT 'SUPPLIER';
            
Message Role Migration Warning: getaddrinfo EAI_AGAIN database-1.cj0yesowewgt.eu-north-1.rds.amazonaws.com
[DB] Executing: 
                ALTER TABLE supplier_change_items ADD COLUMN IF NOT EXISTS status TEXT DEFAULT 'PEN...
Postgres Query Error: getaddrinfo EAI_AGAIN database-1.cj0yesowewgt.eu-north-1.rds.amazonaws.com. Query: 
                ALTER TABLE supplier_change_items ADD COLUMN IF NOT EXISTS status TEXT DEFAULT 'PENDING';
                ALTER TABLE supplier_change_items ADD COLUMN IF NOT EXISTS rejectionReason TEXT;
            
Change Item Columns Migration Warning: getaddrinfo EAI_AGAIN database-1.cj0yesowewgt.eu-north-1.rds.amazonaws.com
[DB] Executing: 
                ALTER TABLE supplier_change_items ADD COLUMN IF NOT EXISTS reviewedByUserId INTEGER...
Postgres Query Error: getaddrinfo EAI_AGAIN database-1.cj0yesowewgt.eu-north-1.rds.amazonaws.com. Query: 
                ALTER TABLE supplier_change_items ADD COLUMN IF NOT EXISTS reviewedByUserId INTEGER;
                ALTER TABLE supplier_change_items ADD COLUMN IF NOT EXISTS reviewedAt TIMESTAMP;
            
Change Item Approval Columns Migration Warning: getaddrinfo EAI_AGAIN database-1.cj0yesowewgt.eu-north-1.rds.amazonaws.com
[DB] Executing: 
                CREATE TABLE IF NOT EXISTS user_supplier_memberships (
                    membersh...
Postgres Query Error: getaddrinfo EAI_AGAIN database-1.cj0yesowewgt.eu-north-1.rds.amazonaws.com. Query: 
                CREATE TABLE IF NOT EXISTS user_supplier_memberships (
                    membershipId SERIAL PRIMARY KEY,
                    userId INTEGER NOT NULL,
                    supplierId INTEGER NOT NULL,
                    isActive BOOLEAN DEFAULT TRUE,
                    createdAt TIMESTAMP DEFAULT CURRENT_TIMESTAMP,
                    UNIQUE(userId, supplierId)
                );
            
Multi-Buyer Table Migration Warning: getaddrinfo EAI_AGAIN database-1.cj0yesowewgt.eu-north-1.rds.amazonaws.com
[DB] Executing: 
                CREATE TABLE IF NOT EXISTS reports (
                    reportId SERIAL PRIMARY KE...
Postgres Query Error: getaddrinfo EAI_AGAIN database-1.cj0yesowewgt.eu-north-1.rds.amazonaws.com. Query: 
                CREATE TABLE IF NOT EXISTS reports (
                    reportId SERIAL PRIMARY KEY,
                    buyerId INTEGER NOT NULL,
                    reportType TEXT NOT NULL,
                    format TEXT NOT NULL,
                    filters TEXT, -- JSON
                    status TEXT DEFAULT 'PENDING', -- PENDING, PROCESSING, COMPLETED, FAILED
                    filePath TEXT,
                    generatedByUserId INTEGER,
                    createdAt TIMESTAMP DEFAULT CURRENT_TIMESTAMP,
                    completedAt TIMESTAMP
                );

                CREATE TABLE IF NOT EXISTS circle_members (
                    circleId INTEGER NOT NULL,
                    supplierId INTEGER NOT NULL,
                    joinedAt TIMESTAMP DEFAULT CURRENT_TIMESTAMP,
                    PRIMARY KEY (circleId, supplierId)
                );

                CREATE TABLE IF NOT EXISTS circle_workflows (
                    circleId INTEGER NOT NULL,
                    workflowId INTEGER NOT NULL,
                    assignedAt TIMESTAMP DEFAULT CURRENT_TIMESTAMP,
                    PRIMARY KEY (circleId, workflowId)
                );
            
Milestone 3 Migration Warning: getaddrinfo EAI_AGAIN database-1.cj0yesowewgt.eu-north-1.rds.amazonaws.com
[DB] Executing: 
                CREATE TABLE IF NOT EXISTS rfi_template (
                    template_id UUID PRIM...
Postgres Query Error: getaddrinfo EAI_AGAIN database-1.cj0yesowewgt.eu-north-1.rds.amazonaws.com. Query: 
                CREATE TABLE IF NOT EXISTS rfi_template (
                    template_id UUID PRIMARY KEY DEFAULT gen_random_uuid(),
                    template_name TEXT NOT NULL,
                    category TEXT,
                    subcategory TEXT,
                    version INTEGER DEFAULT 1,
                    status TEXT DEFAULT 'DRAFT',
                    created_by INTEGER,
                    buyer_id INTEGER,
                    applicable_regions TEXT[],
                    regulatory_overlays TEXT[],
                    created_date TIMESTAMP DEFAULT CURRENT_TIMESTAMP,
                    updated_date TIMESTAMP DEFAULT CURRENT_TIMESTAMP
                );

                CREATE TABLE IF NOT EXISTS template_section (
                    section_id UUID PRIMARY KEY DEFAULT gen_random_uuid(),
                    template_id UUID NOT NULL,
                    section_name TEXT NOT NULL,
                    section_description TEXT,
                    display_order INTEGER DEFAULT 0,
                    is_mandatory BOOLEAN DEFAULT TRUE
                );

                CREATE TABLE IF NOT EXISTS template_question (
                    question_id UUID PRIMARY KEY DEFAULT gen_random_uuid(),
                    section_id UUID,
                    template_id UUID NOT NULL,
                    question_text TEXT NOT NULL,
                    question_type TEXT NOT NULL,
                    mandatory BOOLEAN DEFAULT FALSE,
                    promote_to_rfp BOOLEAN DEFAULT FALSE,
                    options JSONB,
                    validation_rules JSONB,
                    display_order INTEGER DEFAULT 0
                );

                CREATE TABLE IF NOT EXISTS rfi_question_library (
                    question_id UUID PRIMARY KEY DEFAULT gen_random_uuid(),
                    question_text TEXT NOT NULL,
                    question_type TEXT NOT NULL,
                    category_tags TEXT[],
                    capability_tags TEXT[],
                    compliance_tags TEXT[],
                    created_by INTEGER,
                    is_deleted BOOLEAN DEFAULT FALSE,
                    created_at TIMESTAMP DEFAULT CURRENT_TIMESTAMP
                );

                CREATE TABLE IF NOT EXISTS rfi_rule_engine (
                    rule_id UUID PRIMARY KEY DEFAULT gen_random_uuid(),
                    template_id UUID NOT NULL,
                    condition_field TEXT NOT NULL,
                    condition_operator TEXT NOT NULL,
                    condition_value TEXT NOT NULL,
                    action_type TEXT NOT NULL,
                    target_question_id UUID
                );

                CREATE TABLE IF NOT EXISTS rfi_event (
                    rfi_id UUID PRIMARY KEY DEFAULT gen_random_uuid(),
                    template_id UUID,
                    title TEXT NOT NULL,
                    description TEXT,
                    buyer_id INTEGER,
                    publish_date TIMESTAMP,
                    deadline TIMESTAMP,
                    status TEXT DEFAULT 'DRAFT',
                    created_by INTEGER,
                    created_at TIMESTAMP DEFAULT CURRENT_TIMESTAMP,
                    updated_at TIMESTAMP DEFAULT CURRENT_TIMESTAMP
                );

                CREATE TABLE IF NOT EXISTS rfi_invitation (
                    invitation_id UUID PRIMARY KEY DEFAULT gen_random_uuid(),
                    rfi_id UUID NOT NULL,
                    supplier_id INTEGER,
                    guest_email TEXT,
                    invitation_status TEXT DEFAULT 'CREATED',
                    sent_timestamp TIMESTAMP,
                    token TEXT UNIQUE
                );

                CREATE TABLE IF NOT EXISTS supplier_rfi_response (
                    response_id UUID PRIMARY KEY DEFAULT gen_random_uuid(),
                    rfi_id UUID NOT NULL,
                    supplier_id INTEGER NOT NULL,
                    submission_date TIMESTAMP,
                    status TEXT DEFAULT 'NOT_STARTED',
                    internal_notes TEXT,
                    evaluation_status TEXT DEFAULT 'UNDER_REVIEW',
                    created_at TIMESTAMP DEFAULT CURRENT_TIMESTAMP,
                    updated_at TIMESTAMP DEFAULT CURRENT_TIMESTAMP
                );

                CREATE UNIQUE INDEX IF NOT EXISTS idx_rfi_response_unique ON supplier_rfi_response(rfi_id, supplier_id);

                CREATE TABLE IF NOT EXISTS supplier_rfi_response_detail (
                    response_detail_id UUID PRIMARY KEY DEFAULT gen_random_uuid(),
                    response_id UUID NOT NULL,
                    question_id UUID NOT NULL,
                    answer_value TEXT,
                    attachment_id UUID
                );

                CREATE TABLE IF NOT EXISTS rfi_document_reference (
                    doc_ref_id UUID PRIMARY KEY DEFAULT gen_random_uuid(),
                    response_id UUID NOT NULL,
                    file_name TEXT NOT NULL,
                    file_type TEXT,
                    file_url TEXT,
                    upload_date TIMESTAMP DEFAULT CURRENT_TIMESTAMP
                );
                
                ALTER TABLE template_section ADD COLUMN IF NOT EXISTS section_description TEXT;
            
RFI Module Migration Warning: getaddrinfo EAI_AGAIN database-1.cj0yesowewgt.eu-north-1.rds.amazonaws.com
[DB] Executing: ALTER TABLE rfi_invitation ADD COLUMN IF NOT EXISTS guest_name TEXT;
Postgres Query Error: getaddrinfo EAI_AGAIN database-1.cj0yesowewgt.eu-north-1.rds.amazonaws.com. Query: ALTER TABLE rfi_invitation ADD COLUMN IF NOT EXISTS guest_name TEXT;
RFI Invitation guest_name migration error (likely already exists): getaddrinfo EAI_AGAIN database-1.cj0yesowewgt.eu-north-1.rds.amazonaws.com
[DB] Executing: 
                ALTER TABLE notifications ALTER COLUMN entityid TYPE TEXT USING entityid::TEXT;
   ...
Postgres Query Error: getaddrinfo EAI_AGAIN database-1.cj0yesowewgt.eu-north-1.rds.amazonaws.com. Query: 
                ALTER TABLE notifications ALTER COLUMN entityid TYPE TEXT USING entityid::TEXT;
            
Notifications migration (entityId TEXT) already applied or skipped: getaddrinfo EAI_AGAIN database-1.cj0yesowewgt.eu-north-1.rds.amazonaws.com
[DB] Executing: 
                ALTER TABLE messages ALTER COLUMN supplierid DROP NOT NULL;
            
Postgres Query Error: getaddrinfo EAI_AGAIN database-1.cj0yesowewgt.eu-north-1.rds.amazonaws.com. Query: 
                ALTER TABLE messages ALTER COLUMN supplierid DROP NOT NULL;
            
Messages migration (supplierId nullable) already applied or skipped: getaddrinfo EAI_AGAIN database-1.cj0yesowewgt.eu-north-1.rds.amazonaws.com
[Req] GET /api/rfi/events
